2026-05-14 16:50:07,718 [INFO] Logging to /home/drivetraintester/TestSystemDrivetrain/Results/TRP Wave5/Drivetrain_Shaker_TRP_Wave5A05_32T_10.log
2026-05-14 16:50:09,727 [INFO] Sent RESET command to Arduino
2026-05-14 16:50:09,736 [INFO] Get Ready!  Moving motors in sequence...
2026-05-14 16:50:09,736 [INFO] Press Ctrl+C to stop!!!
2026-05-14 16:50:09,738 [INFO] Moving in 3 . . .
2026-05-14 16:50:10,738 [INFO] Moving in 2 . . .
2026-05-14 16:50:11,741 [INFO] Moving in 1 . . .
2026-05-14 16:50:12,742 [INFO] Motors GO!
2026-05-14 16:50:12,744 [INFO] Starting Motor 1 sequence...
2026-05-14 16:50:12,746 [INFO] Starting Motor 2 sequence with ramp...
2026-05-14 16:50:12,747 [INFO] Sending batch command to Arduino:
BATCH:5,80,10,0,1000;80,100,10,0,8000;100,108,54,0,9000;108,112,54,0,9000;112,116,54,0,9000;116,117,54,0,9000;117,118,54,0,9000;118,119,54,0,9000;119,120,54,0,9000;120,121,54,0,9000;121,121,60,0,9000

2026-05-14 16:50:12,750 [INFO] [Arduino-M2] Received line: 'RESET'
2026-05-14 16:50:12,751 [INFO] [Arduino-M2] RESET received: system reset.
2026-05-14 16:50:12,753 [INFO] [Arduino-M2] Received line: 'PPR:400'
2026-05-14 16:50:12,754 [INFO] [Arduino-M2] Updated pulsesPerRev to: 400
2026-05-14 16:50:12,807 [INFO] [Arduino-M2] Received line: 'BATCH:5,80,10,0,1000;80,100,10,0,8000;100,108,54,0,9000;108,112,54,0,9000;112,116,54,0,9000;116,117,54,0,9000;117,118,54,0,9000;118,119,54,0,9000;119,120,54,0,9000;120,121,54,0,9000;121,121,60,0,9000'
2026-05-14 16:50:12,860 [INFO] [Arduino-M2] Batch commands enqueued.
2026-05-14 16:50:12,914 [INFO] [Arduino-M2] Starting move: startRPM=0.00, targetRPM=80.00, runTime=10.00, direction=0
2026-05-14 16:50:31,507 [INFO] [Arduino-M2] Command finished.
2026-05-14 16:50:31,559 [INFO] [Arduino-M2] Starting move: startRPM=80.00, targetRPM=100.00, runTime=10.00, direction=0
2026-05-14 16:50:32,745 [INFO] {'Drivetrain Cycle 1'}
2026-05-14 16:50:32,750 [INFO] Starting Drivetrain Cycle with ramp...
2026-05-14 16:50:46,208 [INFO] [Arduino-M2] Command finished.
2026-05-14 16:50:46,262 [INFO] [Arduino-M2] Starting move: startRPM=100.00, targetRPM=108.00, runTime=54.00, direction=0
2026-05-14 16:51:12,829 [INFO] Drivetrain Cycle complete
2026-05-14 16:51:12,830 [INFO] {'Drivetrain Cycle 2'}
2026-05-14 16:51:12,830 [INFO] Starting Drivetrain Cycle with ramp...
2026-05-14 16:51:30,449 [INFO] [Arduino-M2] Command finished.
2026-05-14 16:51:30,503 [INFO] [Arduino-M2] Starting move: startRPM=108.00, targetRPM=112.00, runTime=54.00, direction=0
2026-05-14 16:51:52,258 [INFO] Drivetrain Cycle complete
2026-05-14 16:51:52,258 [INFO] {'Drivetrain Cycle 3'}
2026-05-14 16:51:52,259 [INFO] Starting Drivetrain Cycle with ramp...
2026-05-14 16:52:14,920 [INFO] [Arduino-M2] Command finished.
2026-05-14 16:52:14,973 [INFO] [Arduino-M2] Starting move: startRPM=112.00, targetRPM=116.00, runTime=54.00, direction=0
2026-05-14 16:52:31,214 [INFO] Drivetrain Cycle complete
2026-05-14 16:52:31,215 [INFO] {'Drivetrain Cycle 4'}
2026-05-14 16:52:31,215 [INFO] Starting Drivetrain Cycle with ramp...
2026-05-14 16:52:59,876 [INFO] [Arduino-M2] Command finished.
2026-05-14 16:52:59,930 [INFO] [Arduino-M2] Starting move: startRPM=116.00, targetRPM=117.00, runTime=54.00, direction=0
2026-05-14 16:53:10,785 [INFO] Drivetrain Cycle complete
2026-05-14 16:53:10,786 [INFO] {'Drivetrain Cycle 5'}
2026-05-14 16:53:10,786 [INFO] Starting Drivetrain Cycle with ramp...
2026-05-14 16:53:44,789 [INFO] [Arduino-M2] Command finished.
2026-05-14 16:53:44,843 [INFO] [Arduino-M2] Starting move: startRPM=117.00, targetRPM=118.00, runTime=54.00, direction=0
2026-05-14 16:53:50,939 [INFO] Drivetrain Cycle complete
2026-05-14 16:53:50,940 [INFO] {'Drivetrain Cycle 6'}
2026-05-14 16:53:50,941 [INFO] Starting Drivetrain Cycle with ramp...
2026-05-14 16:54:29,815 [INFO] [Arduino-M2] Command finished.
2026-05-14 16:54:29,869 [INFO] [Arduino-M2] Starting move: startRPM=118.00, targetRPM=119.00, runTime=54.00, direction=0
2026-05-14 16:54:30,989 [INFO] Drivetrain Cycle complete
2026-05-14 16:54:30,989 [INFO] {'Drivetrain Cycle 7'}
2026-05-14 16:54:30,990 [INFO] Starting Drivetrain Cycle with ramp...
2026-05-14 16:55:11,071 [INFO] Drivetrain Cycle complete
2026-05-14 16:55:11,072 [INFO] {'Drivetrain Cycle 8'}
2026-05-14 16:55:11,072 [INFO] Starting Drivetrain Cycle with ramp...
2026-05-14 16:55:14,983 [INFO] [Arduino-M2] Command finished.
2026-05-14 16:55:15,035 [INFO] [Arduino-M2] Starting move: startRPM=119.00, targetRPM=120.00, runTime=54.00, direction=0
2026-05-14 16:55:51,078 [INFO] Drivetrain Cycle complete
2026-05-14 16:55:51,078 [INFO] {'Drivetrain Cycle 9'}
2026-05-14 16:55:51,079 [INFO] Starting Drivetrain Cycle with ramp...
2026-05-14 16:56:00,198 [INFO] [Arduino-M2] Command finished.
2026-05-14 16:56:00,252 [INFO] [Arduino-M2] Starting move: startRPM=120.00, targetRPM=121.00, runTime=54.00, direction=0
2026-05-14 16:56:31,187 [INFO] Drivetrain Cycle complete
2026-05-14 16:56:31,187 [INFO] Testing Completed.  The Chain Survived!
2026-05-14 16:56:45,515 [INFO] [Arduino-M2] Command finished.
2026-05-14 16:56:45,568 [INFO] [Arduino-M2] Starting move: startRPM=121.00, targetRPM=121.00, runTime=60.00, direction=0
2026-05-14 16:57:36,849 [INFO] [Arduino-M2] Command finished.
2026-05-14 16:57:36,902 [INFO] [Arduino-M2] No more commands. Ramping motor down smoothly.
2026-05-14 16:57:36,954 [INFO] [Arduino-M2] Stopping motor from RPM 121.00
2026-05-14 16:57:44,774 [INFO] [Arduino-M2] Motor stopped smoothly.
2026-05-14 16:57:44,824 [INFO] Motor 2 batch complete
2026-05-14 16:57:44,825 [INFO] Testing has concluded / Stopping Motors . . . 
2026-05-14 16:57:44,825 [INFO] ///////
2026-05-14 16:57:44,826 [INFO] ///////
2026-05-14 16:57:44,826 [INFO] ///////
2026-05-14 16:57:44,827 [INFO] ========================================
2026-05-14 16:57:44,828 [INFO] MOTOR 1 SESSION SUMMARY
2026-05-14 16:57:44,828 [INFO] Total pulses: 259758
2026-05-14 16:57:44,829 [INFO] Total revolutions: 649.39
2026-05-14 16:57:44,830 [INFO] Total run time: 288.00 seconds
2026-05-14 16:57:44,830 [INFO] How did change drop if it did:
2026-05-14 16:57:44,831 [INFO] Drivetrain Shaker Test Setup: 17T Cog, SLX RD no clutch, KMC Chain, 9th gear, Pivot Rear, bumper, and 19 lbs/in spring
2026-05-14 16:57:44,832 [INFO] Average RPM: 135.29
2026-05-14 16:57:44,833 [INFO] ========================================
2026-05-14 16:57:44,834 [INFO] 
Testing has concluded
2026-05-14 16:57:45,836 [INFO] Stopping Motors . . . 
